2012-05-06 13:16:39,678 [pool-5-thread-1] ERROR StackTrace  - Full Stack Trace:
groovy.lang.MissingPropertyException: No such property: umair for class: BootStrap
	at org.codehaus.groovy.runtime.ScriptBytecodeAdapter.unwrap(ScriptBytecodeAdapter.java:50)
	at org.codehaus.groovy.runtime.ScriptBytecodeAdapter.setGroovyObjectProperty(ScriptBytecodeAdapter.java:530)
	at BootStrap$_closure1.doCall(BootStrap.groovy:8)
	at sun.reflect.NativeMethodAccessorImpl.invoke0(Native Method)
	at sun.reflect.NativeMethodAccessorImpl.invoke(NativeMethodAccessorImpl.java:39)
	at sun.reflect.DelegatingMethodAccessorImpl.invoke(DelegatingMethodAccessorImpl.java:25)
	at java.lang.reflect.Method.invoke(Method.java:597)
	at com.springsource.loaded.ri.ReflectiveInterceptor.jlrMethodInvoke(ReflectiveInterceptor.java:1231)
	at org.codehaus.groovy.reflection.CachedMethod.invoke(CachedMethod.java:90)
	at groovy.lang.MetaMethod.doMethodInvoke(MetaMethod.java:233)
	at groovy.lang.MetaClassImpl.invokeMethod(MetaClassImpl.java:1047)
	at groovy.lang.ExpandoMetaClass.invokeMethod(ExpandoMetaClass.java:1110)
	at groovy.lang.MetaClassImpl.invokeMethod(MetaClassImpl.java:877)
	at groovy.lang.MetaClassImpl.invokeMethod(MetaClassImpl.java:921)
	at groovy.lang.ExpandoMetaClass.invokeMethod(ExpandoMetaClass.java:1110)
	at groovy.lang.MetaClassImpl.invokeMethod(MetaClassImpl.java:877)
	at groovy.lang.Closure.call(Closure.java:412)
	at groovy.lang.Closure.call(Closure.java:406)
	at grails.util.Environment.evaluateEnvironmentSpecificBlock(Environment.java:300)
	at grails.util.Environment.executeForEnvironment(Environment.java:293)
	at grails.util.Environment.executeForCurrentEnvironment(Environment.java:269)
	at org.codehaus.groovy.grails.commons.DefaultGrailsBootstrapClass.callInit(DefaultGrailsBootstrapClass.java:60)
	at org.codehaus.groovy.grails.web.context.GrailsConfigUtils.executeGrailsBootstraps(GrailsConfigUtils.java:74)
	at org.codehaus.groovy.grails.web.context.GrailsContextLoader.initWebApplicationContext(GrailsContextLoader.java:105)
	at org.springframework.web.context.ContextLoaderListener.contextInitialized(ContextLoaderListener.java:111)
	at org.apache.catalina.core.StandardContext.listenerStart(StandardContext.java:4779)
	at org.apache.catalina.core.StandardContext.startInternal(StandardContext.java:5273)
	at org.apache.catalina.util.LifecycleBase.start(LifecycleBase.java:150)
	at org.apache.catalina.core.ContainerBase$StartChild.call(ContainerBase.java:1568)
	at org.apache.catalina.core.ContainerBase$StartChild.call(ContainerBase.java:1558)
	at java.util.concurrent.FutureTask$Sync.innerRun(FutureTask.java:303)
	at java.util.concurrent.FutureTask.run(FutureTask.java:138)
	at java.util.concurrent.ThreadPoolExecutor$Worker.runTask(ThreadPoolExecutor.java:886)
	at java.util.concurrent.ThreadPoolExecutor$Worker.run(ThreadPoolExecutor.java:908)
	at java.lang.Thread.run(Thread.java:662)
2012-05-06 13:16:39,690 [pool-5-thread-1] ERROR StackTrace  - Full Stack Trace:
groovy.lang.MissingPropertyException: No such property: umair for class: BootStrap
	at BootStrap$_closure1.doCall(BootStrap.groovy:8)
	at grails.util.Environment.evaluateEnvironmentSpecificBlock(Environment.java:300)
	at grails.util.Environment.executeForEnvironment(Environment.java:293)
	at grails.util.Environment.executeForCurrentEnvironment(Environment.java:269)
	at java.util.concurrent.FutureTask$Sync.innerRun(FutureTask.java:303)
	at java.util.concurrent.FutureTask.run(FutureTask.java:138)
	at java.util.concurrent.ThreadPoolExecutor$Worker.runTask(ThreadPoolExecutor.java:886)
	at java.util.concurrent.ThreadPoolExecutor$Worker.run(ThreadPoolExecutor.java:908)
	at java.lang.Thread.run(Thread.java:662)
2012-05-06 13:16:39,690 [pool-5-thread-1] ERROR StackTrace  - Full Stack Trace:
groovy.lang.MissingPropertyException: No such property: umair for class: BootStrap
	at BootStrap$_closure1.doCall(BootStrap.groovy:8)
	at grails.util.Environment.evaluateEnvironmentSpecificBlock(Environment.java:300)
	at grails.util.Environment.executeForEnvironment(Environment.java:293)
	at grails.util.Environment.executeForCurrentEnvironment(Environment.java:269)
	at java.util.concurrent.FutureTask$Sync.innerRun(FutureTask.java:303)
	at java.util.concurrent.FutureTask.run(FutureTask.java:138)
	at java.util.concurrent.ThreadPoolExecutor$Worker.runTask(ThreadPoolExecutor.java:886)
	at java.util.concurrent.ThreadPoolExecutor$Worker.run(ThreadPoolExecutor.java:908)
	at java.lang.Thread.run(Thread.java:662)
2012-05-06 13:16:39,691 [pool-5-thread-1] ERROR StackTrace  - Full Stack Trace:
groovy.lang.MissingPropertyException: No such property: umair for class: BootStrap
	at BootStrap$_closure1.doCall(BootStrap.groovy:8)
	at grails.util.Environment.evaluateEnvironmentSpecificBlock(Environment.java:300)
	at grails.util.Environment.executeForEnvironment(Environment.java:293)
	at grails.util.Environment.executeForCurrentEnvironment(Environment.java:269)
	at java.util.concurrent.FutureTask$Sync.innerRun(FutureTask.java:303)
	at java.util.concurrent.FutureTask.run(FutureTask.java:138)
	at java.util.concurrent.ThreadPoolExecutor$Worker.runTask(ThreadPoolExecutor.java:886)
	at java.util.concurrent.ThreadPoolExecutor$Worker.run(ThreadPoolExecutor.java:908)
	at java.lang.Thread.run(Thread.java:662)
